INFO:root:==================================================
INFO:root:CPSC 4550/6550 VM Cluster Checker
INFO:root:Version 1.0
INFO:root:Xizhou Feng
INFO:root:2016-02-17 04:49:10
INFO:root:==================================================
INFO:root:
INFO:root:--------------------------------------------------
INFO:root:Step 1: print student info
INFO:root:--------------------------------------------------
INFO:root:#####echo testing cluster firefly built by mefowle
INFO:root:testing cluster firefly built by mefowle

INFO:root:
INFO:root:#####date
INFO:root:Wed Feb 17 04:49:10 EST 2016

INFO:root:
INFO:root:--------------------------------------------------
INFO:root:Step 2: checking basic VM configuration
INFO:root:--------------------------------------------------
INFO:root:#####hostname
INFO:root:master

INFO:root:
INFO:root:#####cat /etc/redhat-release
INFO:root:CentOS Linux release 7.2.1511 (Core) 

INFO:root:
INFO:root:#####cat /etc/hosts
INFO:root:127.0.0.1   localhost localhost.localdomain localhost4 localhost4.localdomain4
::1         localhost localhost.localdomain localhost6 localhost6.localdomain6
198.21.216.94 n01.clemson.edu n01

INFO:root:
INFO:root:--------------------------------------------------
INFO:root:Step 3: checking virtual network configuration
INFO:root:--------------------------------------------------
INFO:root:#####ifconfig
INFO:root:==================================================
INFO:root:CPSC 4550/6550 VM Cluster Checker
INFO:root:Version 1.0
INFO:root:Xizhou Feng
INFO:root:2016-02-17 04:52:21
INFO:root:==================================================
INFO:root:
INFO:root:--------------------------------------------------
INFO:root:Step 1: print student info
INFO:root:--------------------------------------------------
INFO:root:#####echo testing cluster firefly built by mefowle
INFO:root:testing cluster firefly built by mefowle

INFO:root:
INFO:root:#####date
INFO:root:Wed Feb 17 04:52:21 EST 2016

INFO:root:
INFO:root:--------------------------------------------------
INFO:root:Step 2: checking basic VM configuration
INFO:root:--------------------------------------------------
INFO:root:#####hostname
INFO:root:master

INFO:root:
INFO:root:#####cat /etc/redhat-release
INFO:root:CentOS Linux release 7.2.1511 (Core) 

INFO:root:
INFO:root:#####cat /etc/hosts
INFO:root:127.0.0.1   localhost localhost.localdomain localhost4 localhost4.localdomain4
::1         localhost localhost.localdomain localhost6 localhost6.localdomain6
198.21.216.94 n01.clemson.edu n01

INFO:root:
INFO:root:--------------------------------------------------
INFO:root:Step 3: checking virtual network configuration
INFO:root:--------------------------------------------------
INFO:root:#####ifconfig
INFO:root:enp0s3: flags=4163<UP,BROADCAST,RUNNING,MULTICAST>  mtu 1500
        inet 198.21.216.94  netmask 255.255.248.0  broadcast 198.21.223.255
        inet6 fe80::a00:27ff:feb9:6628  prefixlen 64  scopeid 0x20<link>
        ether 08:00:27:b9:66:28  txqueuelen 1000  (Ethernet)
        RX packets 6798  bytes 9547390 (9.1 MiB)
        RX errors 0  dropped 0  overruns 0  frame 0
        TX packets 1830  bytes 143292 (139.9 KiB)
        TX errors 0  dropped 0 overruns 0  carrier 0  collisions 0

lo: flags=73<UP,LOOPBACK,RUNNING>  mtu 65536
        inet 127.0.0.1  netmask 255.0.0.0
        inet6 ::1  prefixlen 128  scopeid 0x10<host>
        loop  txqueuelen 0  (Local Loopback)
        RX packets 18  bytes 996 (996.0 B)
        RX errors 0  dropped 0  overruns 0  frame 0
        TX packets 18  bytes 996 (996.0 B)
        TX errors 0  dropped 0 overruns 0  carrier 0  collisions 0


INFO:root:
INFO:root:#####ip route
INFO:root:default via 198.21.216.1 dev enp0s3  proto static  metric 100 
1.1.1.1 via 198.21.216.1 dev enp0s3  proto dhcp  metric 100 
198.21.216.0/21 dev enp0s3  proto kernel  scope link  src 198.21.216.94  metric 100 

INFO:root:
INFO:root:#####cat /etc/resolv.conf
INFO:root:# Generated by NetworkManager
search clemson.edu
nameserver 130.127.255.250
nameserver 130.127.255.251

INFO:root:
INFO:root:#####ping -c 1 n01
INFO:root:PING n01.clemson.edu (198.21.216.94) 56(84) bytes of data.
64 bytes from n01.clemson.edu (198.21.216.94): icmp_seq=1 ttl=64 time=0.013 ms

--- n01.clemson.edu ping statistics ---
1 packets transmitted, 1 received, 0% packet loss, time 0ms
rtt min/avg/max/mdev = 0.013/0.013/0.013/0.000 ms

INFO:root:
INFO:root:#####ping -c 1 n02
ERROR:root:failed to execute ping -c 1 n02
INFO:root:
INFO:root:#####ping -c 1 master
INFO:root:PING master (198.21.216.94) 56(84) bytes of data.
64 bytes from n01.clemson.edu (198.21.216.94): icmp_seq=1 ttl=64 time=0.012 ms

--- master ping statistics ---
1 packets transmitted, 1 received, 0% packet loss, time 0ms
rtt min/avg/max/mdev = 0.012/0.012/0.012/0.000 ms

INFO:root:
INFO:root:--------------------------------------------------
INFO:root:Step 4: checking network file system
INFO:root:--------------------------------------------------
INFO:root:#####cat /etc/fstab
INFO:root:
#
# /etc/fstab
# Created by anaconda on Wed Feb 17 01:03:21 2016
#
# Accessible filesystems, by reference, are maintained under '/dev/disk'
# See man pages fstab(5), findfs(8), mount(8) and/or blkid(8) for more info
#
/dev/mapper/centos-root /                       xfs     defaults        0 0
UUID=d7d970d4-e4d2-4f0b-9e64-09f791d7f083 /boot                   xfs     defaults        0 0
/dev/mapper/centos-swap swap                    swap    defaults        0 0
/dev/sdb1 /home xfs defaults 0 1
/dev/sdc1 /scratch xfs defaults 0 1

INFO:root:
INFO:root:#####df -kh /home
INFO:root:Filesystem      Size  Used Avail Use% Mounted on
/dev/sdb1        10G   37M   10G   1% /home

INFO:root:
INFO:root:#####df -kh /scratch
INFO:root:Filesystem      Size  Used Avail Use% Mounted on
/dev/sdc1       5.0G   33M  5.0G   1% /scratch

INFO:root:
INFO:root:#####cat /etc/exports
INFO:root:/scratch	198.21.216.98(rw,sync,no_root_squash,no_all_squash)
/home		198.21.216.98(rw,sync,no_root_squash,no_all_squash)
/etc/passwd	198.21.216.98(rw,sync,no_root_squash,no_all_squash)
/etc/shadow	198.21.216.98(rw,sync,no_root_squash,no_all_squash)
/etc/group	198.21.216.98(rw,sync,no_root_squash,no_all_squash)
	

/scratch	198.21.216.96(rw,sync,no_root_squash,no_all_squash)
/home		198.21.216.96(rw,sync,no_root_squash,no_all_squash)
/etc/passwd	198.21.216.96(rw,sync,no_root_squash,no_all_squash)
/etc/shadow	198.21.216.96(rw,sync,no_root_squash,no_all_squash)
/etc/group	198.21.216.96(rw,sync,no_root_squash,no_all_squash)


INFO:root:
INFO:root:#####exportfs
INFO:root:/scratch      	198.21.216.98
/scratch      	198.21.216.96
/home         	198.21.216.98
/home         	198.21.216.96
/etc/passwd   	198.21.216.98
/etc/passwd   	198.21.216.96
/etc/shadow   	198.21.216.98
/etc/shadow   	198.21.216.96
/etc/group    	198.21.216.98
/etc/group    	198.21.216.96

INFO:root:
INFO:root:#####service nfs status
INFO:root:● nfs-server.service - NFS server and services
   Loaded: loaded (/usr/lib/systemd/system/nfs-server.service; enabled; vendor preset: disabled)
   Active: active (exited) since Wed 2016-02-17 04:48:16 EST; 4min 5s ago
 Main PID: 1203 (code=exited, status=0/SUCCESS)
   CGroup: /system.slice/nfs-server.service

Feb 17 04:48:16 master systemd[1]: Starting NFS server and services...
Feb 17 04:48:16 master systemd[1]: Started NFS server and services.

INFO:root:
INFO:root:#####ssh n01 df -hk /home
INFO:root:Filesystem     1K-blocks  Used Available Use% Mounted on
/dev/sdb1       10473472 36968  10436504   1% /home

INFO:root:
INFO:root:#####ssh n01 df -hk /scratch
INFO:root:Filesystem     1K-blocks  Used Available Use% Mounted on
/dev/sdc1        5230592 32928   5197664   1% /scratch

INFO:root:
INFO:root:#####ssh n01 showmount -e master
INFO:root:Export list for master:
/etc/group  198.21.216.96,198.21.216.98
/etc/shadow 198.21.216.96,198.21.216.98
/etc/passwd 198.21.216.96,198.21.216.98
/home       198.21.216.96,198.21.216.98
/scratch    198.21.216.96,198.21.216.98

INFO:root:
INFO:root:#####ssh n01 touch /scratch/n01.test
INFO:root:
INFO:root:
INFO:root:#####ls -al /scratch/n01.test
INFO:root:-rw-r--r-- 1 root root 0 Feb 17 04:52 /scratch/n01.test

INFO:root:
INFO:root:#####ssh n02 df -hk /home
ERROR:root:failed to execute ssh n02 df -hk /home
INFO:root:
INFO:root:#####ssh n02 df -hk /scratch
ERROR:root:failed to execute ssh n02 df -hk /scratch
INFO:root:
INFO:root:#####ssh n02 showmount -e master
ERROR:root:failed to execute ssh n02 showmount -e master
INFO:root:
INFO:root:#####ssh n02 touch /scratch/n02.test
ERROR:root:failed to execute ssh n02 touch /scratch/n02.test
INFO:root:
INFO:root:#####ls -al /scratch/n02.test
ERROR:root:failed to execute ls -al /scratch/n02.test
INFO:root:
INFO:root:--------------------------------------------------
INFO:root:Step 5: checking users
INFO:root:--------------------------------------------------
INFO:root:#####tail -n 5 /etc/passwd
INFO:root:vboxadd:x:996:1::/var/run/vboxadd:/bin/false
rpc:x:32:32:Rpcbind Daemon:/var/lib/rpcbind:/sbin/nologin
rpcuser:x:29:29:RPC Service User:/var/lib/nfs:/sbin/nologin
nfsnobody:x:65534:65534:Anonymous NFS User:/var/lib/nfs:/sbin/nologin
test:x:1000:1000::/home/test:/bin/bash

INFO:root:
INFO:root:#####tail -n 5 /etc/group
INFO:root:vboxsf:x:994:
rpc:x:32:
rpcuser:x:29:
nfsnobody:x:65534:
test:x:1000:

INFO:root:
INFO:root:#####ssh n01 tail -n 5 /etc/passwd
INFO:root:vboxadd:x:996:1::/var/run/vboxadd:/bin/false
rpc:x:32:32:Rpcbind Daemon:/var/lib/rpcbind:/sbin/nologin
rpcuser:x:29:29:RPC Service User:/var/lib/nfs:/sbin/nologin
nfsnobody:x:65534:65534:Anonymous NFS User:/var/lib/nfs:/sbin/nologin
test:x:1000:1000::/home/test:/bin/bash

INFO:root:
INFO:root:#####ssh n01 tail -n 5 /etc/group
INFO:root:vboxsf:x:994:
rpc:x:32:
rpcuser:x:29:
nfsnobody:x:65534:
test:x:1000:

INFO:root:
ERROR:root:n02 is not accessible
INFO:root:#####su -c ssh n01 -o StrictHostKeyChecking=no touch a.n01 - test
ERROR:root:failed to execute su -c ssh n01 -o StrictHostKeyChecking=no touch a.n01 - test
INFO:root:
INFO:root:#####su -c ssh n01 -o StrictHostKeyChecking=no pwd - test
ERROR:root:failed to execute su -c ssh n01 -o StrictHostKeyChecking=no pwd - test
INFO:root:
ERROR:root:n02 is not accessible
INFO:root:#####ls /home/test
INFO:root:
INFO:root:
INFO:root:--------------------------------------------------
INFO:root:Step 6: check pbs
INFO:root:--------------------------------------------------
INFO:root:#####which qstat
INFO:root:/usr/local/bin/qstat

INFO:root:
INFO:root:#####service pbs_server status
ERROR:root:failed to execute service pbs_server status
INFO:root:
INFO:root:#####qmgr -c p s
ERROR:root:failed to execute qmgr -c p s
INFO:root:
INFO:root:#####qmgr -c list node
ERROR:root:failed to execute qmgr -c list node
INFO:root:
INFO:root:#####ssh n01 service pbs_mom status
INFO:root:DEBUG: pid = 1075
pbs_mom already running[  OK  ]

INFO:root:
INFO:root:#####ssh n02 service pbs_mom status
ERROR:root:failed to execute ssh n02 service pbs_mom status
INFO:root:
INFO:root:#####pbsnodes
ERROR:root:failed to execute pbsnodes
INFO:root:
INFO:root:#####cat /var/spool/torque/server_priv/nodes
INFO:root:n01 np=1
n02 np=1

INFO:root:
INFO:root:--------------------------------------------------
INFO:root:Step 7: check serial job submission
INFO:root:--------------------------------------------------
INFO:root:#####su -c qsub serial.qsub - test
ERROR:root:failed to execute su -c qsub serial.qsub - test
INFO:root:
INFO:root:==================================================
INFO:root:CPSC 4550/6550 VM Cluster Checker
INFO:root:Version 1.0
INFO:root:Xizhou Feng
INFO:root:2016-02-17 04:56:04
INFO:root:==================================================
INFO:root:
INFO:root:--------------------------------------------------
INFO:root:Step 1: print student info
INFO:root:--------------------------------------------------
INFO:root:#####echo testing cluster firefly built by mefowle
INFO:root:testing cluster firefly built by mefowle

INFO:root:
INFO:root:#####date
INFO:root:Wed Feb 17 04:56:04 EST 2016

INFO:root:
INFO:root:--------------------------------------------------
INFO:root:Step 2: checking basic VM configuration
INFO:root:--------------------------------------------------
INFO:root:#####hostname
INFO:root:master

INFO:root:
INFO:root:#####cat /etc/redhat-release
INFO:root:CentOS Linux release 7.2.1511 (Core) 

INFO:root:
INFO:root:#####cat /etc/hosts
INFO:root:127.0.0.1   localhost localhost.localdomain localhost4 localhost4.localdomain4
::1         localhost localhost.localdomain localhost6 localhost6.localdomain6
198.21.216.94 n01.clemson.edu n01

INFO:root:
INFO:root:--------------------------------------------------
INFO:root:Step 3: checking virtual network configuration
INFO:root:--------------------------------------------------
INFO:root:#####ifconfig
INFO:root:enp0s3: flags=4163<UP,BROADCAST,RUNNING,MULTICAST>  mtu 1500
        inet 198.21.216.94  netmask 255.255.248.0  broadcast 198.21.223.255
        inet6 fe80::a00:27ff:feb9:6628  prefixlen 64  scopeid 0x20<link>
        ether 08:00:27:b9:66:28  txqueuelen 1000  (Ethernet)
        RX packets 7128  bytes 9571406 (9.1 MiB)
        RX errors 0  dropped 0  overruns 0  frame 0
        TX packets 1900  bytes 148548 (145.0 KiB)
        TX errors 0  dropped 0 overruns 0  carrier 0  collisions 0

lo: flags=73<UP,LOOPBACK,RUNNING>  mtu 65536
        inet 127.0.0.1  netmask 255.0.0.0
        inet6 ::1  prefixlen 128  scopeid 0x10<host>
        loop  txqueuelen 0  (Local Loopback)
        RX packets 449  bytes 91830 (89.6 KiB)
        RX errors 0  dropped 0  overruns 0  frame 0
        TX packets 449  bytes 91830 (89.6 KiB)
        TX errors 0  dropped 0 overruns 0  carrier 0  collisions 0


INFO:root:
INFO:root:#####ip route
INFO:root:default via 198.21.216.1 dev enp0s3  proto static  metric 100 
1.1.1.1 via 198.21.216.1 dev enp0s3  proto dhcp  metric 100 
198.21.216.0/21 dev enp0s3  proto kernel  scope link  src 198.21.216.94  metric 100 

INFO:root:
INFO:root:#####cat /etc/resolv.conf
INFO:root:# Generated by NetworkManager
search clemson.edu
nameserver 130.127.255.250
nameserver 130.127.255.251

INFO:root:
INFO:root:#####ping -c 1 n01
INFO:root:PING n01.clemson.edu (198.21.216.94) 56(84) bytes of data.
64 bytes from n01.clemson.edu (198.21.216.94): icmp_seq=1 ttl=64 time=0.011 ms

--- n01.clemson.edu ping statistics ---
1 packets transmitted, 1 received, 0% packet loss, time 0ms
rtt min/avg/max/mdev = 0.011/0.011/0.011/0.000 ms

INFO:root:
INFO:root:#####ping -c 1 n02
ERROR:root:failed to execute ping -c 1 n02
INFO:root:
INFO:root:#####ping -c 1 master
INFO:root:PING master (198.21.216.94) 56(84) bytes of data.
64 bytes from n01.clemson.edu (198.21.216.94): icmp_seq=1 ttl=64 time=0.015 ms

--- master ping statistics ---
1 packets transmitted, 1 received, 0% packet loss, time 0ms
rtt min/avg/max/mdev = 0.015/0.015/0.015/0.000 ms

INFO:root:
INFO:root:--------------------------------------------------
INFO:root:Step 4: checking network file system
INFO:root:--------------------------------------------------
INFO:root:#####cat /etc/fstab
INFO:root:
#
# /etc/fstab
# Created by anaconda on Wed Feb 17 01:03:21 2016
#
# Accessible filesystems, by reference, are maintained under '/dev/disk'
# See man pages fstab(5), findfs(8), mount(8) and/or blkid(8) for more info
#
/dev/mapper/centos-root /                       xfs     defaults        0 0
UUID=d7d970d4-e4d2-4f0b-9e64-09f791d7f083 /boot                   xfs     defaults        0 0
/dev/mapper/centos-swap swap                    swap    defaults        0 0
/dev/sdb1 /home xfs defaults 0 1
/dev/sdc1 /scratch xfs defaults 0 1

INFO:root:
INFO:root:#####df -kh /home
INFO:root:Filesystem      Size  Used Avail Use% Mounted on
/dev/sdb1        10G   37M   10G   1% /home

INFO:root:
INFO:root:#####df -kh /scratch
INFO:root:Filesystem      Size  Used Avail Use% Mounted on
/dev/sdc1       5.0G   33M  5.0G   1% /scratch

INFO:root:
INFO:root:#####cat /etc/exports
INFO:root:/scratch	198.21.216.98(rw,sync,no_root_squash,no_all_squash)
/home		198.21.216.98(rw,sync,no_root_squash,no_all_squash)
/etc/passwd	198.21.216.98(rw,sync,no_root_squash,no_all_squash)
/etc/shadow	198.21.216.98(rw,sync,no_root_squash,no_all_squash)
/etc/group	198.21.216.98(rw,sync,no_root_squash,no_all_squash)
	

/scratch	198.21.216.96(rw,sync,no_root_squash,no_all_squash)
/home		198.21.216.96(rw,sync,no_root_squash,no_all_squash)
/etc/passwd	198.21.216.96(rw,sync,no_root_squash,no_all_squash)
/etc/shadow	198.21.216.96(rw,sync,no_root_squash,no_all_squash)
/etc/group	198.21.216.96(rw,sync,no_root_squash,no_all_squash)


INFO:root:
INFO:root:#####exportfs
INFO:root:/scratch      	198.21.216.98
/scratch      	198.21.216.96
/home         	198.21.216.98
/home         	198.21.216.96
/etc/passwd   	198.21.216.98
/etc/passwd   	198.21.216.96
/etc/shadow   	198.21.216.98
/etc/shadow   	198.21.216.96
/etc/group    	198.21.216.98
/etc/group    	198.21.216.96

INFO:root:
INFO:root:#####service nfs status
INFO:root:● nfs-server.service - NFS server and services
   Loaded: loaded (/usr/lib/systemd/system/nfs-server.service; enabled; vendor preset: disabled)
   Active: active (exited) since Wed 2016-02-17 04:48:16 EST; 7min ago
 Main PID: 1203 (code=exited, status=0/SUCCESS)
   CGroup: /system.slice/nfs-server.service

Feb 17 04:48:16 master systemd[1]: Starting NFS server and services...
Feb 17 04:48:16 master systemd[1]: Started NFS server and services.

INFO:root:
INFO:root:#####ssh n01 df -hk /home
INFO:root:Filesystem     1K-blocks  Used Available Use% Mounted on
/dev/sdb1       10473472 36976  10436496   1% /home

INFO:root:
INFO:root:#####ssh n01 df -hk /scratch
INFO:root:Filesystem     1K-blocks  Used Available Use% Mounted on
/dev/sdc1        5230592 32928   5197664   1% /scratch

INFO:root:
INFO:root:#####ssh n01 showmount -e master
INFO:root:Export list for master:
/etc/group  198.21.216.96,198.21.216.98
/etc/shadow 198.21.216.96,198.21.216.98
/etc/passwd 198.21.216.96,198.21.216.98
/home       198.21.216.96,198.21.216.98
/scratch    198.21.216.96,198.21.216.98

INFO:root:
INFO:root:#####ssh n01 touch /scratch/n01.test
INFO:root:
INFO:root:
INFO:root:#####ls -al /scratch/n01.test
INFO:root:-rw-r--r-- 1 root root 0 Feb 17 04:56 /scratch/n01.test

INFO:root:
INFO:root:#####ssh n02 df -hk /home
ERROR:root:failed to execute ssh n02 df -hk /home
INFO:root:
INFO:root:#####ssh n02 df -hk /scratch
ERROR:root:failed to execute ssh n02 df -hk /scratch
INFO:root:
INFO:root:#####ssh n02 showmount -e master
ERROR:root:failed to execute ssh n02 showmount -e master
INFO:root:
INFO:root:#####ssh n02 touch /scratch/n02.test
ERROR:root:failed to execute ssh n02 touch /scratch/n02.test
INFO:root:
INFO:root:#####ls -al /scratch/n02.test
ERROR:root:failed to execute ls -al /scratch/n02.test
INFO:root:
INFO:root:--------------------------------------------------
INFO:root:Step 5: checking users
INFO:root:--------------------------------------------------
INFO:root:#####tail -n 5 /etc/passwd
INFO:root:vboxadd:x:996:1::/var/run/vboxadd:/bin/false
rpc:x:32:32:Rpcbind Daemon:/var/lib/rpcbind:/sbin/nologin
rpcuser:x:29:29:RPC Service User:/var/lib/nfs:/sbin/nologin
nfsnobody:x:65534:65534:Anonymous NFS User:/var/lib/nfs:/sbin/nologin
test:x:1000:1000::/home/test:/bin/bash

INFO:root:
INFO:root:#####tail -n 5 /etc/group
INFO:root:vboxsf:x:994:
rpc:x:32:
rpcuser:x:29:
nfsnobody:x:65534:
test:x:1000:

INFO:root:
INFO:root:#####ssh n01 tail -n 5 /etc/passwd
INFO:root:vboxadd:x:996:1::/var/run/vboxadd:/bin/false
rpc:x:32:32:Rpcbind Daemon:/var/lib/rpcbind:/sbin/nologin
rpcuser:x:29:29:RPC Service User:/var/lib/nfs:/sbin/nologin
nfsnobody:x:65534:65534:Anonymous NFS User:/var/lib/nfs:/sbin/nologin
test:x:1000:1000::/home/test:/bin/bash

INFO:root:
INFO:root:#####ssh n01 tail -n 5 /etc/group
INFO:root:vboxsf:x:994:
rpc:x:32:
rpcuser:x:29:
nfsnobody:x:65534:
test:x:1000:

INFO:root:
ERROR:root:n02 is not accessible
INFO:root:#####su -c ssh n01 -o StrictHostKeyChecking=no touch a.n01 - test
ERROR:root:failed to execute su -c ssh n01 -o StrictHostKeyChecking=no touch a.n01 - test
INFO:root:
INFO:root:#####su -c ssh n01 -o StrictHostKeyChecking=no pwd - test
ERROR:root:failed to execute su -c ssh n01 -o StrictHostKeyChecking=no pwd - test
INFO:root:
ERROR:root:n02 is not accessible
INFO:root:#####ls /home/test
INFO:root:serial.qsub

INFO:root:
INFO:root:--------------------------------------------------
INFO:root:Step 6: check pbs
INFO:root:--------------------------------------------------
INFO:root:#####which qstat
INFO:root:/usr/local/bin/qstat

INFO:root:
INFO:root:#####service pbs_server status
ERROR:root:failed to execute service pbs_server status
INFO:root:
INFO:root:#####qmgr -c p s
ERROR:root:failed to execute qmgr -c p s
INFO:root:
INFO:root:#####qmgr -c list node
ERROR:root:failed to execute qmgr -c list node
INFO:root:
INFO:root:#####ssh n01 service pbs_mom status
INFO:root:DEBUG: pid = 1075
pbs_mom already running[  OK  ]

INFO:root:
INFO:root:#####ssh n02 service pbs_mom status
ERROR:root:failed to execute ssh n02 service pbs_mom status
INFO:root:
INFO:root:#####pbsnodes
ERROR:root:failed to execute pbsnodes
INFO:root:
INFO:root:#####cat /var/spool/torque/server_priv/nodes
INFO:root:n01 np=1
n02 np=1

INFO:root:
INFO:root:--------------------------------------------------
INFO:root:Step 7: check serial job submission
INFO:root:--------------------------------------------------
INFO:root:#####su -c qsub serial.qsub - test
ERROR:root:failed to execute su -c qsub serial.qsub - test
INFO:root:
INFO:root:#####qstat
ERROR:root:failed to execute qstat
INFO:root:
INFO:root:#####cat /home/test/cpsc6550-a01p1s.out
ERROR:root:failed to execute cat /home/test/cpsc6550-a01p1s.out
INFO:root:
INFO:root:--------------------------------------------------
INFO:root:Step 8: check parallel job submission
INFO:root:--------------------------------------------------
INFO:root:#####yum -y install openmpi openmpi-devel
INFO:root:Resolving Dependencies
--> Running transaction check
---> Package openmpi.x86_64 0:1.10.0-10.el7 will be installed
--> Processing Dependency: librdmacm.so.1(RDMACM_1.0)(64bit) for package: openmpi-1.10.0-10.el7.x86_64
--> Processing Dependency: libibverbs.so.1(IBVERBS_1.1)(64bit) for package: openmpi-1.10.0-10.el7.x86_64
--> Processing Dependency: libibverbs.so.1(IBVERBS_1.0)(64bit) for package: openmpi-1.10.0-10.el7.x86_64
--> Processing Dependency: libfabric.so.1(FABRIC_1.0)(64bit) for package: openmpi-1.10.0-10.el7.x86_64
--> Processing Dependency: environment-modules for package: openmpi-1.10.0-10.el7.x86_64
--> Processing Dependency: librdmacm.so.1()(64bit) for package: openmpi-1.10.0-10.el7.x86_64
--> Processing Dependency: libpsm_infinipath.so.1()(64bit) for package: openmpi-1.10.0-10.el7.x86_64
--> Processing Dependency: libpsm2.so.2()(64bit) for package: openmpi-1.10.0-10.el7.x86_64
--> Processing Dependency: libosmcomp.so.3()(64bit) for package: openmpi-1.10.0-10.el7.x86_64
--> Processing Dependency: libibverbs.so.1()(64bit) for package: openmpi-1.10.0-10.el7.x86_64
--> Processing Dependency: libhwloc.so.5()(64bit) for package: openmpi-1.10.0-10.el7.x86_64
--> Processing Dependency: libfabric.so.1()(64bit) for package: openmpi-1.10.0-10.el7.x86_64
---> Package openmpi-devel.x86_64 0:1.10.0-10.el7 will be installed
--> Running transaction check
---> Package environment-modules.x86_64 0:3.2.10-10.el7 will be installed
--> Processing Dependency: libtcl8.5.so()(64bit) for package: environment-modules-3.2.10-10.el7.x86_64
---> Package hwloc-libs.x86_64 0:1.7-5.el7 will be installed
---> Package infinipath-psm.x86_64 0:3.3-0.g6f42cdb1bb8.2.el7 will be installed
---> Package libfabric.x86_64 0:1.1.0-2.el7 will be installed
---> Package libibverbs.x86_64 0:1.1.8-8.el7 will be installed
--> Processing Dependency: rdma for package: libibverbs-1.1.8-8.el7.x86_64
---> Package libpsm2.x86_64 0:0.7-4.el7 will be installed
---> Package librdmacm.x86_64 0:1.0.21-1.el7 will be installed
---> Package opensm-libs.x86_64 0:3.3.19-1.el7 will be installed
--> Processing Dependency: libibumad.so.3(IBUMAD_1.0)(64bit) for package: opensm-libs-3.3.19-1.el7.x86_64
--> Processing Dependency: libibumad.so.3()(64bit) for package: opensm-libs-3.3.19-1.el7.x86_64
--> Running transaction check
---> Package libibumad.x86_64 0:1.3.10.2-1.el7 will be installed
---> Package rdma.noarch 0:7.2_4.1_rc6-2.el7 will be installed
---> Package tcl.x86_64 1:8.5.13-8.el7 will be installed
--> Finished Dependency Resolution

Dependencies Resolved

================================================================================
 Package                Arch      Version                      Repository  Size
================================================================================
Installing:
 openmpi                x86_64    1.10.0-10.el7                base       3.0 M
 openmpi-devel          x86_64    1.10.0-10.el7                base       4.5 M
Installing for dependencies:
 environment-modules    x86_64    3.2.10-10.el7                base       107 k
 hwloc-libs             x86_64    1.7-5.el7                    base       1.3 M
 infinipath-psm         x86_64    3.3-0.g6f42cdb1bb8.2.el7     base       176 k
 libfabric              x86_64    1.1.0-2.el7                  base       215 k
 libibumad              x86_64    1.3.10.2-1.el7               base        66 k
 libibverbs             x86_64    1.1.8-8.el7                  base        56 k
 libpsm2                x86_64    0.7-4.el7                    base       164 k
 librdmacm              x86_64    1.0.21-1.el7                 base        64 k
 opensm-libs            x86_64    3.3.19-1.el7                 base        65 k
 rdma                   noarch    7.2_4.1_rc6-2.el7            updates     28 k
 tcl                    x86_64    1:8.5.13-8.el7               base       1.9 M

Transaction Summary
================================================================================
Install  2 Packages (+11 Dependent packages)

Total download size: 12 M
Installed size: 31 M
Downloading packages:
--------------------------------------------------------------------------------
Total                                              7.5 MB/s |  12 MB  00:01     
Running transaction check
Running transaction test
Transaction test succeeded
Running transaction
  Installing : rdma-7.2_4.1_rc6-2.el7.noarch                               1/13 
  Installing : libibverbs-1.1.8-8.el7.x86_64                               2/13 
  Installing : librdmacm-1.0.21-1.el7.x86_64                               3/13 
  Installing : hwloc-libs-1.7-5.el7.x86_64                                 4/13 
  Installing : infinipath-psm-3.3-0.g6f42cdb1bb8.2.el7.x86_64              5/13 
  Installing : libfabric-1.1.0-2.el7.x86_64                                6/13 
  Installing : libibumad-1.3.10.2-1.el7.x86_64                             7/13 
  Installing : opensm-libs-3.3.19-1.el7.x86_64                             8/13 
  Installing : libpsm2-0.7-4.el7.x86_64                                    9/13 
  Installing : 1:tcl-8.5.13-8.el7.x86_64                                  10/13 
  Installing : environment-modules-3.2.10-10.el7.x86_64                   11/13 
  Installing : openmpi-1.10.0-10.el7.x86_64                               12/13 
  Installing : openmpi-devel-1.10.0-10.el7.x86_64                         13/13 
  Verifying  : 1:tcl-8.5.13-8.el7.x86_64                                   1/13 
  Verifying  : openmpi-1.10.0-10.el7.x86_64                                2/13 
  Verifying  : infinipath-psm-3.3-0.g6f42cdb1bb8.2.el7.x86_64              3/13 
  Verifying  : environment-modules-3.2.10-10.el7.x86_64                    4/13 
  Verifying  : libibumad-1.3.10.2-1.el7.x86_64                             5/13 
  Verifying  : libibverbs-1.1.8-8.el7.x86_64                               6/13 
  Verifying  : opensm-libs-3.3.19-1.el7.x86_64                             7/13 
  Verifying  : libfabric-1.1.0-2.el7.x86_64                                8/13 
  Verifying  : libpsm2-0.7-4.el7.x86_64                                    9/13 
  Verifying  : librdmacm-1.0.21-1.el7.x86_64                              10/13 
  Verifying  : hwloc-libs-1.7-5.el7.x86_64                                11/13 
  Verifying  : rdma-7.2_4.1_rc6-2.el7.noarch                              12/13 
  Verifying  : openmpi-devel-1.10.0-10.el7.x86_64                         13/13 

Installed:
  openmpi.x86_64 0:1.10.0-10.el7      openmpi-devel.x86_64 0:1.10.0-10.el7     

Dependency Installed:
  environment-modules.x86_64 0:3.2.10-10.el7                                    
  hwloc-libs.x86_64 0:1.7-5.el7                                                 
  infinipath-psm.x86_64 0:3.3-0.g6f42cdb1bb8.2.el7                              
  libfabric.x86_64 0:1.1.0-2.el7                                                
  libibumad.x86_64 0:1.3.10.2-1.el7                                             
  libibverbs.x86_64 0:1.1.8-8.el7                                               
  libpsm2.x86_64 0:0.7-4.el7                                                    
  librdmacm.x86_64 0:1.0.21-1.el7                                               
  opensm-libs.x86_64 0:3.3.19-1.el7                                             
  rdma.noarch 0:7.2_4.1_rc6-2.el7                                               
  tcl.x86_64 1:8.5.13-8.el7                                                     

Complete!

INFO:root:
INFO:root:#####ssh n01 yum -y install openmpi openmpi-devel
INFO:root:Package openmpi-1.10.0-10.el7.x86_64 already installed and latest version
Package openmpi-devel-1.10.0-10.el7.x86_64 already installed and latest version
Nothing to do

INFO:root:
INFO:root:#####ssh n02 yum -y install openmpi openmpi-devel
ERROR:root:failed to execute ssh n02 yum -y install openmpi openmpi-devel
INFO:root:
INFO:root:#####su -c /usr/lib64/openmpi/bin/mpicc -o simple simple.c - test
INFO:root:
INFO:root:
INFO:root:#####su -c qsub parallel.qsub - test
ERROR:root:failed to execute su -c qsub parallel.qsub - test
INFO:root:
